\BOOKMARK [0][-]{section*.1}{Abstract}{}% 1
\BOOKMARK [0][-]{section*.2}{Acknowledgement}{}% 2
\BOOKMARK [0][-]{chapter.1}{Introduction}{}% 3
\BOOKMARK [0][-]{chapter.2}{State Of the Art}{}% 4
\BOOKMARK [1][-]{section.2.1}{Modelling and Simulation}{chapter.2}% 5
\BOOKMARK [1][-]{section.2.2}{Egress simulation}{chapter.2}% 6
\BOOKMARK [0][-]{chapter.3}{Tools and Methodology}{}% 7
\BOOKMARK [1][-]{section.3.1}{Tactics Development Framework}{chapter.3}% 8
\BOOKMARK [1][-]{section.3.2}{GIS \046 Agent-based Modelling Architecture}{chapter.3}% 9
\BOOKMARK [1][-]{section.3.3}{From TDF to GAML}{chapter.3}% 10
\BOOKMARK [0][-]{chapter.4}{Data description }{}% 11
\BOOKMARK [1][-]{section.4.1}{Witness statements}{chapter.4}% 12
\BOOKMARK [1][-]{section.4.2}{Profiles}{chapter.4}% 13
\BOOKMARK [1][-]{section.4.3}{Statistics}{chapter.4}% 14
\BOOKMARK [0][-]{chapter.5}{Implementation description}{}% 15
\BOOKMARK [1][-]{section.5.1}{Environment description}{chapter.5}% 16
\BOOKMARK [1][-]{section.5.2}{BDI agent description}{chapter.5}% 17
\BOOKMARK [0][-]{chapter.6}{Expectations and Results}{}% 18
\BOOKMARK [1][-]{section.6.1}{Expected results}{chapter.6}% 19
\BOOKMARK [1][-]{section.6.2}{Current results}{chapter.6}% 20
\BOOKMARK [0][-]{chapter.7}{Conclusion}{}% 21
\BOOKMARK [0][-]{section*.42}{Bibliography}{}% 22
